# JRE version: OpenJDK Runtime Environment Temurin-21.0.7+6 (21.0.7+6) (build 21.0.7+6-LTS)
# Java VM: OpenJDK 64-Bit Server VM Temurin-21.0.7+6 (21.0.7+6-LTS, mixed mode, sharing, tiered, compressed oops, compressed class ptrs, parallel gc, windows-amd64)
GC Precious Log:
 CardTable entry size: 512
 CPUs: 8 total, 8 available
 Memory: 8072M
 Large Page Support: Disabled
 NUMA Support: Disabled
 Compressed Oops: Enabled (32-bit)
 Alignments: Space 512K, Generation 512K, Heap 2M
 Heap Min Capacity: 100M
 Heap Initial Capacity: 100M
 Heap Max Capacity: 1G
 Pre-touch: Disabled
 Parallel Workers: 8
Heap:
 PSYoungGen      total 8704K, used 7017K [0x00000000eab00000, 0x00000000eb480000, 0x0000000100000000)
  eden space 7680K, 83% used [0x00000000eab00000,0x00000000eb14a5e8,0x00000000eb280000)
  from space 1024K, 56% used [0x00000000eb380000,0x00000000eb410000,0x00000000eb480000)
  to   space 1024K, 0% used [0x00000000eb280000,0x00000000eb280000,0x00000000eb380000)
 ParOldGen       total 137728K, used 137399K [0x00000000c0000000, 0x00000000c8680000, 0x00000000eab00000)
  object space 137728K, 99% used [0x00000000c0000000,0x00000000c862de78,0x00000000c8680000)
 Metaspace       used 68044K, committed 69568K, reserved 1114112K
  class space    used 7254K, committed 7936K, reserved 1048576K
GC Heap History (20 events):
Event: 66.928 GC heap before
{Heap before GC invocations=72 (full 3):
 PSYoungGen      total 9728K, used 9483K [0x00000000eab00000, 0x00000000eb780000, 0x0000000100000000)
  eden space 7680K, 100% used [0x00000000eab00000,0x00000000eb280000,0x00000000eb280000)
  from space 2048K, 88% used [0x00000000eb580000,0x00000000eb742dc0,0x00000000eb780000)
  to   space 2048K, 0% used [0x00000000eb280000,0x00000000eb280000,0x00000000eb480000)
 ParOldGen       total 115712K, used 115243K [0x00000000c0000000, 0x00000000c7100000, 0x00000000eab00000)
  object space 115712K, 99% used [0x00000000c0000000,0x00000000c708ac20,0x00000000c7100000)
 Metaspace       used 67860K, committed 69248K, reserved 1114112K
  class space    used 7242K, committed 7872K, reserved 1048576K
}
Event: 66.932 GC heap after
{Heap after GC invocations=72 (full 3):
 PSYoungGen      total 9728K, used 1970K [0x00000000eab00000, 0x00000000eb680000, 0x0000000100000000)
  eden space 7680K, 0% used [0x00000000eab00000,0x00000000eab00000,0x00000000eb280000)
  from space 2048K, 96% used [0x00000000eb280000,0x00000000eb46cb48,0x00000000eb480000)
  to   space 2048K, 0% used [0x00000000eb480000,0x00000000eb480000,0x00000000eb680000)
 ParOldGen       total 117248K, used 116899K [0x00000000c0000000, 0x00000000c7280000, 0x00000000eab00000)
  object space 117248K, 99% used [0x00000000c0000000,0x00000000c7228f50,0x00000000c7280000)
 Metaspace       used 67860K, committed 69248K, reserved 1114112K
  class space    used 7242K, committed 7872K, reserved 1048576K
}
Event: 66.974 GC heap before
{Heap before GC invocations=73 (full 3):
 PSYoungGen      total 9728K, used 9650K [0x00000000eab00000, 0x00000000eb680000, 0x0000000100000000)
  eden space 7680K, 100% used [0x00000000eab00000,0x00000000eb280000,0x00000000eb280000)
  from space 2048K, 96% used [0x00000000eb280000,0x00000000eb46cb48,0x00000000eb480000)
  to   space 2048K, 0% used [0x00000000eb480000,0x00000000eb480000,0x00000000eb680000)
 ParOldGen       total 117248K, used 116899K [0x00000000c0000000, 0x00000000c7280000, 0x00000000eab00000)
  object space 117248K, 99% used [0x00000000c0000000,0x00000000c7228f50,0x00000000c7280000)
 Metaspace       used 67899K, committed 69312K, reserved 1114112K
  class space    used 7243K, committed 7872K, reserved 1048576K
}
Event: 66.978 GC heap after
{Heap after GC invocations=73 (full 3):
 PSYoungGen      total 9728K, used 1689K [0x00000000eab00000, 0x00000000eb680000, 0x0000000100000000)
  eden space 7680K, 0% used [0x00000000eab00000,0x00000000eab00000,0x00000000eb280000)
  from space 2048K, 82% used [0x00000000eb480000,0x00000000eb626720,0x00000000eb680000)
  to   space 2048K, 0% used [0x00000000eb280000,0x00000000eb280000,0x00000000eb480000)
 ParOldGen       total 119296K, used 118801K [0x00000000c0000000, 0x00000000c7480000, 0x00000000eab00000)
  object space 119296K, 99% used [0x00000000c0000000,0x00000000c74044c0,0x00000000c7480000)
 Metaspace       used 67899K, committed 69312K, reserved 1114112K
  class space    used 7243K, committed 7872K, reserved 1048576K
}
Event: 67.061 GC heap before
{Heap before GC invocations=74 (full 3):
 PSYoungGen      total 9728K, used 9369K [0x00000000eab00000, 0x00000000eb680000, 0x0000000100000000)
  eden space 7680K, 100% used [0x00000000eab00000,0x00000000eb280000,0x00000000eb280000)
  from space 2048K, 82% used [0x00000000eb480000,0x00000000eb626720,0x00000000eb680000)
  to   space 2048K, 0% used [0x00000000eb280000,0x00000000eb280000,0x00000000eb480000)
 ParOldGen       total 119296K, used 118801K [0x00000000c0000000, 0x00000000c7480000, 0x00000000eab00000)
  object space 119296K, 99% used [0x00000000c0000000,0x00000000c74044c0,0x00000000c7480000)
 Metaspace       used 67913K, committed 69312K, reserved 1114112K
  class space    used 7243K, committed 7872K, reserved 1048576K
}
Event: 67.066 GC heap after
{Heap after GC invocations=74 (full 3):
 PSYoungGen      total 9728K, used 1910K [0x00000000eab00000, 0x00000000eb680000, 0x0000000100000000)
  eden space 7680K, 0% used [0x00000000eab00000,0x00000000eab00000,0x00000000eb280000)
  from space 2048K, 93% used [0x00000000eb280000,0x00000000eb45dad0,0x00000000eb480000)
  to   space 2048K, 0% used [0x00000000eb480000,0x00000000eb480000,0x00000000eb680000)
 ParOldGen       total 120832K, used 120390K [0x00000000c0000000, 0x00000000c7600000, 0x00000000eab00000)
  object space 120832K, 99% used [0x00000000c0000000,0x00000000c7591b88,0x00000000c7600000)
 Metaspace       used 67913K, committed 69312K, reserved 1114112K
  class space    used 7243K, committed 7872K, reserved 1048576K
}
Event: 67.114 GC heap before
{Heap before GC invocations=75 (full 3):
 PSYoungGen      total 9728K, used 9590K [0x00000000eab00000, 0x00000000eb680000, 0x0000000100000000)
  eden space 7680K, 100% used [0x00000000eab00000,0x00000000eb280000,0x00000000eb280000)
  from space 2048K, 93% used [0x00000000eb280000,0x00000000eb45dad0,0x00000000eb480000)
  to   space 2048K, 0% used [0x00000000eb480000,0x00000000eb480000,0x00000000eb680000)
 ParOldGen       total 120832K, used 120390K [0x00000000c0000000, 0x00000000c7600000, 0x00000000eab00000)
  object space 120832K, 99% used [0x00000000c0000000,0x00000000c7591b88,0x00000000c7600000)
 Metaspace       used 67914K, committed 69312K, reserved 1114112K
  class space    used 7243K, committed 7872K, reserved 1048576K
}
Event: 67.119 GC heap after
{Heap after GC invocations=75 (full 3):
 PSYoungGen      total 9728K, used 1682K [0x00000000eab00000, 0x00000000eb680000, 0x0000000100000000)
  eden space 7680K, 0% used [0x00000000eab00000,0x00000000eab00000,0x00000000eb280000)
  from space 2048K, 82% used [0x00000000eb480000,0x00000000eb6248f0,0x00000000eb680000)
  to   space 2048K, 0% used [0x00000000eb280000,0x00000000eb280000,0x00000000eb480000)
 ParOldGen       total 122368K, used 122186K [0x00000000c0000000, 0x00000000c7780000, 0x00000000eab00000)
  object space 122368K, 99% used [0x00000000c0000000,0x00000000c77528d8,0x00000000c7780000)
 Metaspace       used 67914K, committed 69312K, reserved 1114112K
  class space    used 7243K, committed 7872K, reserved 1048576K
}
Event: 67.167 GC heap before
{Heap before GC invocations=76 (full 3):
 PSYoungGen      total 9728K, used 9362K [0x00000000eab00000, 0x00000000eb680000, 0x0000000100000000)
  eden space 7680K, 100% used [0x00000000eab00000,0x00000000eb280000,0x00000000eb280000)
  from space 2048K, 82% used [0x00000000eb480000,0x00000000eb6248f0,0x00000000eb680000)
  to   space 2048K, 0% used [0x00000000eb280000,0x00000000eb280000,0x00000000eb480000)
 ParOldGen       total 122368K, used 122186K [0x00000000c0000000, 0x00000000c7780000, 0x00000000eab00000)
  object space 122368K, 99% used [0x00000000c0000000,0x00000000c77528d8,0x00000000c7780000)
 Metaspace       used 67915K, committed 69312K, reserved 1114112K
  class space    used 7243K, committed 7872K, reserved 1048576K
}
Event: 67.172 GC heap after
{Heap after GC invocations=76 (full 3):
 PSYoungGen      total 9728K, used 1969K [0x00000000eab00000, 0x00000000eb680000, 0x0000000100000000)
  eden space 7680K, 0% used [0x00000000eab00000,0x00000000eab00000,0x00000000eb280000)
  from space 2048K, 96% used [0x00000000eb280000,0x00000000eb46c6f8,0x00000000eb480000)
  to   space 2048K, 0% used [0x00000000eb480000,0x00000000eb480000,0x00000000eb680000)
 ParOldGen       total 123904K, used 123679K [0x00000000c0000000, 0x00000000c7900000, 0x00000000eab00000)
  object space 123904K, 99% used [0x00000000c0000000,0x00000000c78c7f00,0x00000000c7900000)
 Metaspace       used 67915K, committed 69312K, reserved 1114112K
  class space    used 7243K, committed 7872K, reserved 1048576K
}
Event: 67.219 GC heap before
{Heap before GC invocations=77 (full 3):
 PSYoungGen      total 9728K, used 9649K [0x00000000eab00000, 0x00000000eb680000, 0x0000000100000000)
  eden space 7680K, 100% used [0x00000000eab00000,0x00000000eb280000,0x00000000eb280000)
  from space 2048K, 96% used [0x00000000eb280000,0x00000000eb46c6f8,0x00000000eb480000)
  to   space 2048K, 0% used [0x00000000eb480000,0x00000000eb480000,0x00000000eb680000)
 ParOldGen       total 123904K, used 123679K [0x00000000c0000000, 0x00000000c7900000, 0x00000000eab00000)
  object space 123904K, 99% used [0x00000000c0000000,0x00000000c78c7f00,0x00000000c7900000)
 Metaspace       used 67916K, committed 69312K, reserved 1114112K
  class space    used 7243K, committed 7872K, reserved 1048576K
}
Event: 67.221 GC heap after
{Heap after GC invocations=77 (full 3):
 PSYoungGen      total 9728K, used 1430K [0x00000000eab00000, 0x00000000eb680000, 0x0000000100000000)
  eden space 7680K, 0% used [0x00000000eab00000,0x00000000eab00000,0x00000000eb280000)
  from space 2048K, 69% used [0x00000000eb480000,0x00000000eb5e5ae8,0x00000000eb680000)
  to   space 2048K, 0% used [0x00000000eb280000,0x00000000eb280000,0x00000000eb480000)
 ParOldGen       total 125952K, used 125461K [0x00000000c0000000, 0x00000000c7b00000, 0x00000000eab00000)
  object space 125952K, 99% used [0x00000000c0000000,0x00000000c7a85638,0x00000000c7b00000)
 Metaspace       used 67916K, committed 69312K, reserved 1114112K
  class space    used 7243K, committed 7872K, reserved 1048576K
}
Event: 67.256 GC heap before
{Heap before GC invocations=78 (full 3):
 PSYoungGen      total 9728K, used 8109K [0x00000000eab00000, 0x00000000eb680000, 0x0000000100000000)
  eden space 7680K, 86% used [0x00000000eab00000,0x00000000eb185af0,0x00000000eb280000)
  from space 2048K, 69% used [0x00000000eb480000,0x00000000eb5e5ae8,0x00000000eb680000)
  to   space 2048K, 0% used [0x00000000eb280000,0x00000000eb280000,0x00000000eb480000)
 ParOldGen       total 125952K, used 125461K [0x00000000c0000000, 0x00000000c7b00000, 0x00000000eab00000)
  object space 125952K, 99% used [0x00000000c0000000,0x00000000c7a85638,0x00000000c7b00000)
 Metaspace       used 67922K, committed 69312K, reserved 1114112K
  class space    used 7243K, committed 7872K, reserved 1048576K
}
Event: 67.260 GC heap after
{Heap after GC invocations=78 (full 3):
 PSYoungGen      total 9216K, used 1220K [0x00000000eab00000, 0x00000000eb580000, 0x0000000100000000)
  eden space 7680K, 0% used [0x00000000eab00000,0x00000000eab00000,0x00000000eb280000)
  from space 1536K, 79% used [0x00000000eb280000,0x00000000eb3b1158,0x00000000eb400000)
  to   space 1536K, 0% used [0x00000000eb400000,0x00000000eb400000,0x00000000eb580000)
 ParOldGen       total 126976K, used 126692K [0x00000000c0000000, 0x00000000c7c00000, 0x00000000eab00000)
  object space 126976K, 99% used [0x00000000c0000000,0x00000000c7bb9258,0x00000000c7c00000)
 Metaspace       used 67922K, committed 69312K, reserved 1114112K
  class space    used 7243K, committed 7872K, reserved 1048576K
}
Event: 67.314 GC heap before
{Heap before GC invocations=79 (full 3):
 PSYoungGen      total 9216K, used 8900K [0x00000000eab00000, 0x00000000eb580000, 0x0000000100000000)
  eden space 7680K, 100% used [0x00000000eab00000,0x00000000eb280000,0x00000000eb280000)
  from space 1536K, 79% used [0x00000000eb280000,0x00000000eb3b1158,0x00000000eb400000)
  to   space 1536K, 0% used [0x00000000eb400000,0x00000000eb400000,0x00000000eb580000)
 ParOldGen       total 126976K, used 126692K [0x00000000c0000000, 0x00000000c7c00000, 0x00000000eab00000)
  object space 126976K, 99% used [0x00000000c0000000,0x00000000c7bb9258,0x00000000c7c00000)
 Metaspace       used 67925K, committed 69312K, reserved 1114112K
  class space    used 7243K, committed 7872K, reserved 1048576K
}
Event: 67.318 GC heap after
{Heap after GC invocations=79 (full 3):
 PSYoungGen      total 9216K, used 888K [0x00000000eab00000, 0x00000000eb580000, 0x0000000100000000)
  eden space 7680K, 0% used [0x00000000eab00000,0x00000000eab00000,0x00000000eb280000)
  from space 1536K, 57% used [0x00000000eb400000,0x00000000eb4de150,0x00000000eb580000)
  to   space 1536K, 0% used [0x00000000eb280000,0x00000000eb280000,0x00000000eb400000)
 ParOldGen       total 129536K, used 129504K [0x00000000c0000000, 0x00000000c7e80000, 0x00000000eab00000)
  object space 129536K, 99% used [0x00000000c0000000,0x00000000c7e780f8,0x00000000c7e80000)
 Metaspace       used 67925K, committed 69312K, reserved 1114112K
  class space    used 7243K, committed 7872K, reserved 1048576K
}
Event: 67.336 GC heap before
{Heap before GC invocations=80 (full 3):
 PSYoungGen      total 9216K, used 8568K [0x00000000eab00000, 0x00000000eb580000, 0x0000000100000000)
  eden space 7680K, 100% used [0x00000000eab00000,0x00000000eb280000,0x00000000eb280000)
  from space 1536K, 57% used [0x00000000eb400000,0x00000000eb4de150,0x00000000eb580000)
  to   space 1536K, 0% used [0x00000000eb280000,0x00000000eb280000,0x00000000eb400000)
 ParOldGen       total 129536K, used 129504K [0x00000000c0000000, 0x00000000c7e80000, 0x00000000eab00000)
  object space 129536K, 99% used [0x00000000c0000000,0x00000000c7e780f8,0x00000000c7e80000)
 Metaspace       used 67926K, committed 69312K, reserved 1114112K
  class space    used 7243K, committed 7872K, reserved 1048576K
}
Event: 67.339 GC heap after
{Heap after GC invocations=80 (full 3):
 PSYoungGen      total 9216K, used 1507K [0x00000000eab00000, 0x00000000eb880000, 0x0000000100000000)
  eden space 7680K, 0% used [0x00000000eab00000,0x00000000eab00000,0x00000000eb280000)
  from space 1536K, 98% used [0x00000000eb280000,0x00000000eb3f8e78,0x00000000eb400000)
  to   space 3072K, 0% used [0x00000000eb580000,0x00000000eb580000,0x00000000eb880000)
 ParOldGen       total 130560K, used 130330K [0x00000000c0000000, 0x00000000c7f80000, 0x00000000eab00000)
  object space 130560K, 99% used [0x00000000c0000000,0x00000000c7f468c8,0x00000000c7f80000)
 Metaspace       used 67926K, committed 69312K, reserved 1114112K
  class space    used 7243K, committed 7872K, reserved 1048576K
}
Event: 67.359 GC heap before
{Heap before GC invocations=81 (full 3):
 PSYoungGen      total 9216K, used 9184K [0x00000000eab00000, 0x00000000eb880000, 0x0000000100000000)
  eden space 7680K, 99% used [0x00000000eab00000,0x00000000eb27f290,0x00000000eb280000)
  from space 1536K, 98% used [0x00000000eb280000,0x00000000eb3f8e78,0x00000000eb400000)
  to   space 3072K, 0% used [0x00000000eb580000,0x00000000eb580000,0x00000000eb880000)
 ParOldGen       total 130560K, used 130330K [0x00000000c0000000, 0x00000000c7f80000, 0x00000000eab00000)
  object space 130560K, 99% used [0x00000000c0000000,0x00000000c7f468c8,0x00000000c7f80000)
 Metaspace       used 67960K, committed 69376K, reserved 1114112K
  class space    used 7247K, committed 7872K, reserved 1048576K
}
Event: 67.362 GC heap after
{Heap after GC invocations=81 (full 3):
 PSYoungGen      total 9216K, used 1061K [0x00000000eab00000, 0x00000000eb700000, 0x0000000100000000)
  eden space 7680K, 0% used [0x00000000eab00000,0x00000000eab00000,0x00000000eb280000)
  from space 1536K, 69% used [0x00000000eb580000,0x00000000eb689530,0x00000000eb700000)
  to   space 1536K, 0% used [0x00000000eb280000,0x00000000eb280000,0x00000000eb400000)
 ParOldGen       total 132096K, used 131841K [0x00000000c0000000, 0x00000000c8100000, 0x00000000eab00000)
  object space 132096K, 99% used [0x00000000c0000000,0x00000000c80c0718,0x00000000c8100000)
 Metaspace       used 67960K, committed 69376K, reserved 1114112K
  class space    used 7247K, committed 7872K, reserved 1048576K
}

