# JRE version: OpenJDK Runtime Environment Temurin-21.0.7+6 (21.0.7+6) (build 21.0.7+6-LTS)
# Java VM: OpenJDK 64-Bit Server VM Temurin-21.0.7+6 (21.0.7+6-LTS, mixed mode, sharing, tiered, compressed oops, compressed class ptrs, parallel gc, windows-amd64)
GC Precious Log:
 CardTable entry size: 512
 CPUs: 8 total, 8 available
 Memory: 8072M
 Large Page Support: Disabled
 NUMA Support: Disabled
 Compressed Oops: Enabled (32-bit)
 Alignments: Space 512K, Generation 512K, Heap 2M
 Heap Min Capacity: 100M
 Heap Initial Capacity: 100M
 Heap Max Capacity: 1G
 Pre-touch: Disabled
 Parallel Workers: 8
Heap:
 PSYoungGen      total 4608K, used 160K [0x00000000eab00000, 0x00000000eb080000, 0x0000000100000000)
  eden space 4096K, 0% used [0x00000000eab00000,0x00000000eab00000,0x00000000eaf00000)
  from space 512K, 31% used [0x00000000eaf00000,0x00000000eaf28020,0x00000000eaf80000)
  to   space 512K, 0% used [0x00000000eb000000,0x00000000eb000000,0x00000000eb080000)
 ParOldGen       total 534528K, used 534441K [0x00000000c0000000, 0x00000000e0a00000, 0x00000000eab00000)
  object space 534528K, 99% used [0x00000000c0000000,0x00000000e09ea728,0x00000000e0a00000)
 Metaspace       used 58380K, committed 59776K, reserved 1114112K
  class space    used 6020K, committed 6720K, reserved 1048576K
GC Heap History (20 events):
Event: 36.790 GC heap after
{Heap after GC invocations=612 (full 2):
 PSYoungGen      total 5120K, used 640K [0x00000000eab00000, 0x00000000eb100000, 0x0000000100000000)
  eden space 4096K, 0% used [0x00000000eab00000,0x00000000eab00000,0x00000000eaf00000)
  from space 1024K, 62% used [0x00000000eb000000,0x00000000eb0a0000,0x00000000eb100000)
  to   space 1024K, 0% used [0x00000000eaf00000,0x00000000eaf00000,0x00000000eb000000)
 ParOldGen       total 528384K, used 528100K [0x00000000c0000000, 0x00000000e0400000, 0x00000000eab00000)
  object space 528384K, 99% used [0x00000000c0000000,0x00000000e03b9108,0x00000000e0400000)
 Metaspace       used 57975K, committed 59328K, reserved 1114112K
  class space    used 5985K, committed 6656K, reserved 1048576K
}
Event: 36.826 GC heap before
{Heap before GC invocations=613 (full 2):
 PSYoungGen      total 5120K, used 4736K [0x00000000eab00000, 0x00000000eb100000, 0x0000000100000000)
  eden space 4096K, 100% used [0x00000000eab00000,0x00000000eaf00000,0x00000000eaf00000)
  from space 1024K, 62% used [0x00000000eb000000,0x00000000eb0a0000,0x00000000eb100000)
  to   space 1024K, 0% used [0x00000000eaf00000,0x00000000eaf00000,0x00000000eb000000)
 ParOldGen       total 528384K, used 528158K [0x00000000c0000000, 0x00000000e0400000, 0x00000000eab00000)
  object space 528384K, 99% used [0x00000000c0000000,0x00000000e03c7a10,0x00000000e0400000)
 Metaspace       used 58075K, committed 59392K, reserved 1114112K
  class space    used 6001K, committed 6656K, reserved 1048576K
}
Event: 36.833 GC heap after
{Heap after GC invocations=613 (full 2):
 PSYoungGen      total 5120K, used 995K [0x00000000eab00000, 0x00000000eb500000, 0x0000000100000000)
  eden space 4096K, 0% used [0x00000000eab00000,0x00000000eab00000,0x00000000eaf00000)
  from space 1024K, 97% used [0x00000000eaf00000,0x00000000eaff8e18,0x00000000eb000000)
  to   space 3072K, 0% used [0x00000000eb200000,0x00000000eb200000,0x00000000eb500000)
 ParOldGen       total 529920K, used 529564K [0x00000000c0000000, 0x00000000e0580000, 0x00000000eab00000)
  object space 529920K, 99% used [0x00000000c0000000,0x00000000e05270a8,0x00000000e0580000)
 Metaspace       used 58075K, committed 59392K, reserved 1114112K
  class space    used 6001K, committed 6656K, reserved 1048576K
}
Event: 36.860 GC heap before
{Heap before GC invocations=614 (full 2):
 PSYoungGen      total 5120K, used 5091K [0x00000000eab00000, 0x00000000eb500000, 0x0000000100000000)
  eden space 4096K, 100% used [0x00000000eab00000,0x00000000eaf00000,0x00000000eaf00000)
  from space 1024K, 97% used [0x00000000eaf00000,0x00000000eaff8e18,0x00000000eb000000)
  to   space 3072K, 0% used [0x00000000eb200000,0x00000000eb200000,0x00000000eb500000)
 ParOldGen       total 529920K, used 529565K [0x00000000c0000000, 0x00000000e0580000, 0x00000000eab00000)
  object space 529920K, 99% used [0x00000000c0000000,0x00000000e0527700,0x00000000e0580000)
 Metaspace       used 58217K, committed 59648K, reserved 1114112K
  class space    used 6018K, committed 6720K, reserved 1048576K
}
Event: 36.864 GC heap after
{Heap after GC invocations=614 (full 2):
 PSYoungGen      total 5632K, used 1152K [0x00000000eab00000, 0x00000000eb380000, 0x0000000100000000)
  eden space 4096K, 0% used [0x00000000eab00000,0x00000000eab00000,0x00000000eaf00000)
  from space 1536K, 75% used [0x00000000eb200000,0x00000000eb320000,0x00000000eb380000)
  to   space 2048K, 0% used [0x00000000eaf80000,0x00000000eaf80000,0x00000000eb180000)
 ParOldGen       total 530432K, used 530266K [0x00000000c0000000, 0x00000000e0600000, 0x00000000eab00000)
  object space 530432K, 99% used [0x00000000c0000000,0x00000000e05d6b18,0x00000000e0600000)
 Metaspace       used 58217K, committed 59648K, reserved 1114112K
  class space    used 6018K, committed 6720K, reserved 1048576K
}
Event: 36.888 GC heap before
{Heap before GC invocations=615 (full 2):
 PSYoungGen      total 5632K, used 5248K [0x00000000eab00000, 0x00000000eb380000, 0x0000000100000000)
  eden space 4096K, 100% used [0x00000000eab00000,0x00000000eaf00000,0x00000000eaf00000)
  from space 1536K, 75% used [0x00000000eb200000,0x00000000eb320000,0x00000000eb380000)
  to   space 2048K, 0% used [0x00000000eaf80000,0x00000000eaf80000,0x00000000eb180000)
 ParOldGen       total 530432K, used 530266K [0x00000000c0000000, 0x00000000e0600000, 0x00000000eab00000)
  object space 530432K, 99% used [0x00000000c0000000,0x00000000e05d6b18,0x00000000e0600000)
 Metaspace       used 58231K, committed 59648K, reserved 1114112K
  class space    used 6018K, committed 6720K, reserved 1048576K
}
Event: 36.891 GC heap after
{Heap after GC invocations=615 (full 2):
 PSYoungGen      total 5120K, used 928K [0x00000000eab00000, 0x00000000eb280000, 0x0000000100000000)
  eden space 4096K, 0% used [0x00000000eab00000,0x00000000eab00000,0x00000000eaf00000)
  from space 1024K, 90% used [0x00000000eaf80000,0x00000000eb068000,0x00000000eb080000)
  to   space 1536K, 0% used [0x00000000eb100000,0x00000000eb100000,0x00000000eb280000)
 ParOldGen       total 531456K, used 531194K [0x00000000c0000000, 0x00000000e0700000, 0x00000000eab00000)
  object space 531456K, 99% used [0x00000000c0000000,0x00000000e06be858,0x00000000e0700000)
 Metaspace       used 58231K, committed 59648K, reserved 1114112K
  class space    used 6018K, committed 6720K, reserved 1048576K
}
Event: 36.918 GC heap before
{Heap before GC invocations=616 (full 2):
 PSYoungGen      total 5120K, used 5024K [0x00000000eab00000, 0x00000000eb280000, 0x0000000100000000)
  eden space 4096K, 100% used [0x00000000eab00000,0x00000000eaf00000,0x00000000eaf00000)
  from space 1024K, 90% used [0x00000000eaf80000,0x00000000eb068000,0x00000000eb080000)
  to   space 1536K, 0% used [0x00000000eb100000,0x00000000eb100000,0x00000000eb280000)
 ParOldGen       total 531456K, used 531194K [0x00000000c0000000, 0x00000000e0700000, 0x00000000eab00000)
  object space 531456K, 99% used [0x00000000c0000000,0x00000000e06be858,0x00000000e0700000)
 Metaspace       used 58244K, committed 59648K, reserved 1114112K
  class space    used 6018K, committed 6720K, reserved 1048576K
}
Event: 36.922 GC heap after
{Heap after GC invocations=616 (full 2):
 PSYoungGen      total 4608K, used 384K [0x00000000eab00000, 0x00000000eb180000, 0x0000000100000000)
  eden space 4096K, 0% used [0x00000000eab00000,0x00000000eab00000,0x00000000eaf00000)
  from space 512K, 75% used [0x00000000eb100000,0x00000000eb160000,0x00000000eb180000)
  to   space 1024K, 0% used [0x00000000eaf80000,0x00000000eaf80000,0x00000000eb080000)
 ParOldGen       total 531968K, used 531921K [0x00000000c0000000, 0x00000000e0780000, 0x00000000eab00000)
  object space 531968K, 99% used [0x00000000c0000000,0x00000000e07746f8,0x00000000e0780000)
 Metaspace       used 58244K, committed 59648K, reserved 1114112K
  class space    used 6018K, committed 6720K, reserved 1048576K
}
Event: 36.946 GC heap before
{Heap before GC invocations=617 (full 2):
 PSYoungGen      total 4608K, used 4480K [0x00000000eab00000, 0x00000000eb180000, 0x0000000100000000)
  eden space 4096K, 100% used [0x00000000eab00000,0x00000000eaf00000,0x00000000eaf00000)
  from space 512K, 75% used [0x00000000eb100000,0x00000000eb160000,0x00000000eb180000)
  to   space 1024K, 0% used [0x00000000eaf80000,0x00000000eaf80000,0x00000000eb080000)
 ParOldGen       total 531968K, used 531921K [0x00000000c0000000, 0x00000000e0780000, 0x00000000eab00000)
  object space 531968K, 99% used [0x00000000c0000000,0x00000000e07746f8,0x00000000e0780000)
 Metaspace       used 58267K, committed 59712K, reserved 1114112K
  class space    used 6018K, committed 6720K, reserved 1048576K
}
Event: 36.949 GC heap after
{Heap after GC invocations=617 (full 2):
 PSYoungGen      total 5120K, used 544K [0x00000000eab00000, 0x00000000eb180000, 0x0000000100000000)
  eden space 4096K, 0% used [0x00000000eab00000,0x00000000eab00000,0x00000000eaf00000)
  from space 1024K, 53% used [0x00000000eaf80000,0x00000000eb008010,0x00000000eb080000)
  to   space 1024K, 0% used [0x00000000eb080000,0x00000000eb080000,0x00000000eb180000)
 ParOldGen       total 532480K, used 532193K [0x00000000c0000000, 0x00000000e0800000, 0x00000000eab00000)
  object space 532480K, 99% used [0x00000000c0000000,0x00000000e07b86f8,0x00000000e0800000)
 Metaspace       used 58267K, committed 59712K, reserved 1114112K
  class space    used 6018K, committed 6720K, reserved 1048576K
}
Event: 36.974 GC heap before
{Heap before GC invocations=618 (full 2):
 PSYoungGen      total 5120K, used 4640K [0x00000000eab00000, 0x00000000eb180000, 0x0000000100000000)
  eden space 4096K, 100% used [0x00000000eab00000,0x00000000eaf00000,0x00000000eaf00000)
  from space 1024K, 53% used [0x00000000eaf80000,0x00000000eb008010,0x00000000eb080000)
  to   space 1024K, 0% used [0x00000000eb080000,0x00000000eb080000,0x00000000eb180000)
 ParOldGen       total 532480K, used 532193K [0x00000000c0000000, 0x00000000e0800000, 0x00000000eab00000)
  object space 532480K, 99% used [0x00000000c0000000,0x00000000e07b86f8,0x00000000e0800000)
 Metaspace       used 58284K, committed 59712K, reserved 1114112K
  class space    used 6018K, committed 6720K, reserved 1048576K
}
Event: 36.979 GC heap after
{Heap after GC invocations=618 (full 2):
 PSYoungGen      total 5120K, used 736K [0x00000000eab00000, 0x00000000eb180000, 0x0000000100000000)
  eden space 4096K, 0% used [0x00000000eab00000,0x00000000eab00000,0x00000000eaf00000)
  from space 1024K, 71% used [0x00000000eb080000,0x00000000eb138020,0x00000000eb180000)
  to   space 1024K, 0% used [0x00000000eaf80000,0x00000000eaf80000,0x00000000eb080000)
 ParOldGen       total 532480K, used 532425K [0x00000000c0000000, 0x00000000e0800000, 0x00000000eab00000)
  object space 532480K, 99% used [0x00000000c0000000,0x00000000e07f26f8,0x00000000e0800000)
 Metaspace       used 58284K, committed 59712K, reserved 1114112K
  class space    used 6018K, committed 6720K, reserved 1048576K
}
Event: 37.010 GC heap before
{Heap before GC invocations=619 (full 2):
 PSYoungGen      total 5120K, used 4830K [0x00000000eab00000, 0x00000000eb180000, 0x0000000100000000)
  eden space 4096K, 99% used [0x00000000eab00000,0x00000000eaeffa70,0x00000000eaf00000)
  from space 1024K, 71% used [0x00000000eb080000,0x00000000eb138020,0x00000000eb180000)
  to   space 1024K, 0% used [0x00000000eaf80000,0x00000000eaf80000,0x00000000eb080000)
 ParOldGen       total 532480K, used 532425K [0x00000000c0000000, 0x00000000e0800000, 0x00000000eab00000)
  object space 532480K, 99% used [0x00000000c0000000,0x00000000e07f26f8,0x00000000e0800000)
 Metaspace       used 58335K, committed 59776K, reserved 1114112K
  class space    used 6018K, committed 6720K, reserved 1048576K
}
Event: 37.015 GC heap after
{Heap after GC invocations=619 (full 2):
 PSYoungGen      total 5120K, used 640K [0x00000000eab00000, 0x00000000eb100000, 0x0000000100000000)
  eden space 4096K, 0% used [0x00000000eab00000,0x00000000eab00000,0x00000000eaf00000)
  from space 1024K, 62% used [0x00000000eaf80000,0x00000000eb020000,0x00000000eb080000)
  to   space 512K, 0% used [0x00000000eb080000,0x00000000eb080000,0x00000000eb100000)
 ParOldGen       total 532992K, used 532921K [0x00000000c0000000, 0x00000000e0880000, 0x00000000eab00000)
  object space 532992K, 99% used [0x00000000c0000000,0x00000000e086e6f8,0x00000000e0880000)
 Metaspace       used 58335K, committed 59776K, reserved 1114112K
  class space    used 6018K, committed 6720K, reserved 1048576K
}
Event: 37.043 GC heap before
{Heap before GC invocations=620 (full 2):
 PSYoungGen      total 5120K, used 4736K [0x00000000eab00000, 0x00000000eb100000, 0x0000000100000000)
  eden space 4096K, 100% used [0x00000000eab00000,0x00000000eaf00000,0x00000000eaf00000)
  from space 1024K, 62% used [0x00000000eaf80000,0x00000000eb020000,0x00000000eb080000)
  to   space 512K, 0% used [0x00000000eb080000,0x00000000eb080000,0x00000000eb100000)
 ParOldGen       total 532992K, used 532921K [0x00000000c0000000, 0x00000000e0880000, 0x00000000eab00000)
  object space 532992K, 99% used [0x00000000c0000000,0x00000000e086e6f8,0x00000000e0880000)
 Metaspace       used 58340K, committed 59776K, reserved 1114112K
  class space    used 6018K, committed 6720K, reserved 1048576K
}
Event: 37.048 GC heap after
{Heap after GC invocations=620 (full 2):
 PSYoungGen      total 4608K, used 512K [0x00000000eab00000, 0x00000000eb200000, 0x0000000100000000)
  eden space 4096K, 0% used [0x00000000eab00000,0x00000000eab00000,0x00000000eaf00000)
  from space 512K, 100% used [0x00000000eb080000,0x00000000eb100000,0x00000000eb100000)
  to   space 1536K, 0% used [0x00000000eaf00000,0x00000000eaf00000,0x00000000eb080000)
 ParOldGen       total 534016K, used 533733K [0x00000000c0000000, 0x00000000e0980000, 0x00000000eab00000)
  object space 534016K, 99% used [0x00000000c0000000,0x00000000e0939718,0x00000000e0980000)
 Metaspace       used 58340K, committed 59776K, reserved 1114112K
  class space    used 6018K, committed 6720K, reserved 1048576K
}
Event: 37.073 GC heap before
{Heap before GC invocations=621 (full 2):
 PSYoungGen      total 4608K, used 4608K [0x00000000eab00000, 0x00000000eb200000, 0x0000000100000000)
  eden space 4096K, 100% used [0x00000000eab00000,0x00000000eaf00000,0x00000000eaf00000)
  from space 512K, 100% used [0x00000000eb080000,0x00000000eb100000,0x00000000eb100000)
  to   space 1536K, 0% used [0x00000000eaf00000,0x00000000eaf00000,0x00000000eb080000)
 ParOldGen       total 534016K, used 533733K [0x00000000c0000000, 0x00000000e0980000, 0x00000000eab00000)
  object space 534016K, 99% used [0x00000000c0000000,0x00000000e0939718,0x00000000e0980000)
 Metaspace       used 58358K, committed 59776K, reserved 1114112K
  class space    used 6019K, committed 6720K, reserved 1048576K
}
Event: 37.076 GC heap after
{Heap after GC invocations=621 (full 2):
 PSYoungGen      total 4608K, used 512K [0x00000000eab00000, 0x00000000eb100000, 0x0000000100000000)
  eden space 4096K, 0% used [0x00000000eab00000,0x00000000eab00000,0x00000000eaf00000)
  from space 512K, 100% used [0x00000000eaf00000,0x00000000eaf80000,0x00000000eaf80000)
  to   space 1024K, 0% used [0x00000000eb000000,0x00000000eb000000,0x00000000eb100000)
 ParOldGen       total 534528K, used 534045K [0x00000000c0000000, 0x00000000e0a00000, 0x00000000eab00000)
  object space 534528K, 99% used [0x00000000c0000000,0x00000000e0987718,0x00000000e0a00000)
 Metaspace       used 58358K, committed 59776K, reserved 1114112K
  class space    used 6019K, committed 6720K, reserved 1048576K
}
Event: 37.099 GC heap before
{Heap before GC invocations=622 (full 2):
 PSYoungGen      total 4608K, used 4605K [0x00000000eab00000, 0x00000000eb100000, 0x0000000100000000)
  eden space 4096K, 99% used [0x00000000eab00000,0x00000000eaeff5d0,0x00000000eaf00000)
  from space 512K, 100% used [0x00000000eaf00000,0x00000000eaf80000,0x00000000eaf80000)
  to   space 1024K, 0% used [0x00000000eb000000,0x00000000eb000000,0x00000000eb100000)
 ParOldGen       total 534528K, used 534045K [0x00000000c0000000, 0x00000000e0a00000, 0x00000000eab00000)
  object space 534528K, 99% used [0x00000000c0000000,0x00000000e0987718,0x00000000e0a00000)
 Metaspace       used 58380K, committed 59776K, reserved 1114112K
  class space    used 6020K, committed 6720K, reserved 1048576K
}

